/iCoaxlinkCore/iMemInterface/iMemoryInterface/inst/u_ddr4_mem_intfc/u_ddr_cal_top/u_ddr_mc_pi/ddr4_v2_2_6_cal_pi__GB4
/iCoaxlinkCore/iMemInterface/iMemoryInterface/inst/u_ddr4_mem_intfc/u_ddr_cal_top/u_ddr_mc_pi/ddr4_v2_2_6_cal_pi__GB3
/iCoaxlinkCore/iTargetInterface/target_interface__GB0
/iCoaxlinkCore/CoaxlinkCore__GCB1
/iCoaxlinkCore/iPcieWrapper/pcie_wrapper__GC0
/iCoaxlinkCore/iTargetInterface/target_interface__GB1
/iCoaxlinkCore/iMemInterface/mem_if_wrapper__GCB0
/iCoaxlinkCore/iMemInterface/iMemoryInterface/inst/u_ddr4_mem_intfc/u_ddr_cal_top/u_ddr_mc_pi/ddr4_v2_2_6_cal_pi__GB2
/iCoaxlinkCore/iMemInterface/iMemoryInterface/inst/u_ddr4_mem_intfc/u_ddr_cal_top/u_ddr_mc_pi/ddr4_v2_2_6_cal_pi__GB1
/iCoaxlinkCore/CoaxlinkCore__GCB3
/iCoaxlinkCore/iMemInterface/iMemoryInterface/inst/u_ddr4_mem_intfc/u_mig_ddr4_phy/inst/mem_if_phy_ddr4__GC0
/iCoaxlinkCore/iMemInterface/iMemoryInterface/inst/u_ddr4_mem_intfc/u_ddr_cal_top/u_ddr_mc_pi/ddr4_v2_2_6_cal_pi__GB0
/iCoaxlinkCore/CoaxlinkCore__GCB2
/iCoaxlinkCore/iMemInterface/iMemoryInterface/inst/mem_if_ddr4_GT0
/iCoaxlinkCore/iPoCXP_uBlaze/PoCXP_uBlaze_wrapper__GC0
/iCoaxlinkCore/iMemInterface/mem_if_wrapper__GCB1
/iCoaxlinkCore/iClockNetwork/inst/clk_wiz_1_clk_wiz__GC0
/iCoaxlinkCore/iMemInterface/iMemoryInterface/inst/mem_if_ddr4__GC0
/iCustomLogic
/iCoaxlinkCore/CoaxlinkCore__GCB0
/iCoaxlinkCore/iMemInterface/iMemoryInterface/inst/u_ddr4_mem_intfc/u_ddr_cal_top/u_ddr_cal/ddr4_v2_2_6_cal__GC0
/iCoaxlinkCore/iMemInterface/iMemoryInterface/inst/u_ddr4_mem_intfc/u_ddr_cal_top/u_ddr_cal/u_ddr_cal_addr_decode/ddr4_v2_2_6_cal_addr_decode__GB2
/iCoaxlinkCore/iMemInterface/iAxiDataWidthConverter_2
/iCoaxlinkCore/iMemInterface/iMemoryInterface/inst/u_ddr4_mem_intfc/mem_if_ddr4_mem_intfc__GC0
/iCoaxlinkCore/iMemInterface/iMemoryInterface/inst/u_ddr4_mem_intfc/u_ddr_cal_top/u_ddr_cal/u_ddr_cal_addr_decode/ddr4_v2_2_6_cal_addr_decode__GB1
/iCoaxlinkCore/iMemInterface/iMemoryInterface/inst/u_ddr4_mem_intfc/u_mig_ddr4_phy/inst/u_ddr4_phy_pll/ddr4_phy_v2_2_0_pll__GC0
/iCoaxlinkCore/iMemInterface/iMemoryInterface/inst/u_ddr4_mem_intfc/u_ddr_cal_top/u_ddr_cal/u_ddr_cal_addr_decode/ddr4_v2_2_6_cal_addr_decode__GB0
/iCoaxlinkCore/iMemInterface/iMemoryInterface/inst/u_ddr4_mem_intfc/u_ddr_cal_top/ddr4_v2_2_6_cal_top__GC0
