

================================================================
== Vivado HLS Report for 'myproject'
================================================================
* Date:           Tue Jan 23 17:37:09 2024

* Version:        2018.3 (Build 2405991 on Thu Dec 06 23:56:15 MST 2018)
* Project:        myproject_axi
* Solution:       KCU035
* Product family: kintexu
* Target device:  xcku035-fbva676-2-e


================================================================
== Performance Estimates
================================================================
+ Timing (ns): 
    * Summary: 
    +--------+-------+----------+------------+
    |  Clock | Target| Estimated| Uncertainty|
    +--------+-------+----------+------------+
    |ap_clk  |   2.00|     1.486|        0.25|
    +--------+-------+----------+------------+

+ Latency (clock cycles): 
    * Summary: 
    +-----+-----+-----+-----+----------+
    |  Latency  |  Interval | Pipeline |
    | min | max | min | max |   Type   |
    +-----+-----+-----+-----+----------+
    |    ?|    ?|    ?|    ?| dataflow |
    +-----+-----+-----+-----+----------+

    + Detail: 
        * Instance: 
        +--------------------+-----------------+-------+-------+-------+-------+---------+
        |                    |                 |    Latency    |    Interval   | Pipeline|
        |      Instance      |      Module     |  min  |  max  |  min  |  max  |   Type  |
        +--------------------+-----------------+-------+-------+-------+-------+---------+
        |pix_average_U0      |pix_average      |  10252|  10252|  10252|  10252|   none  |
        |read_pixel_data_U0  |read_pixel_data  |      ?|      ?|      ?|      ?|   none  |
        |send_output_U0      |send_output      |  10242|  10242|  10242|  10242|   none  |
        +--------------------+-----------------+-------+-------+-------+-------+---------+

        * Loop: 
        N/A



================================================================
== Utilization Estimates
================================================================
* Summary: 
+-----------------+---------+-------+--------+--------+
|       Name      | BRAM_18K| DSP48E|   FF   |   LUT  |
+-----------------+---------+-------+--------+--------+
|DSP              |        -|      -|       -|       -|
|Expression       |        -|      -|       0|       2|
|FIFO             |      150|      -|     786|    3284|
|Instance         |      108|     16|    2399|    1300|
|Memory           |        -|      -|       -|       -|
|Multiplexer      |        -|      -|       -|       -|
|Register         |        -|      -|       -|       -|
+-----------------+---------+-------+--------+--------+
|Total            |      258|     16|    3185|    4586|
+-----------------+---------+-------+--------+--------+
|Available        |     1080|   1700|  406256|  203128|
+-----------------+---------+-------+--------+--------+
|Utilization (%)  |       23|   ~0  |   ~0   |       2|
+-----------------+---------+-------+--------+--------+

+ Detail: 
    * Instance: 
    +--------------------+-----------------+---------+-------+------+-----+
    |      Instance      |      Module     | BRAM_18K| DSP48E|  FF  | LUT |
    +--------------------+-----------------+---------+-------+------+-----+
    |pix_average_U0      |pix_average      |      108|     16|  2225|  994|
    |read_pixel_data_U0  |read_pixel_data  |        0|      0|   153|  175|
    |send_output_U0      |send_output      |        0|      0|    21|  131|
    +--------------------+-----------------+---------+-------+------+-----+
    |Total               |                 |      108|     16|  2399| 1300|
    +--------------------+-----------------+---------+-------+------+-----+

    * DSP48: 
    N/A

    * Memory: 
    N/A

    * FIFO: 
    +------------------------+---------+-----+------+-------+-----+---------+
    |          Name          | BRAM_18K|  FF |  LUT | Depth | Bits| Size:D*B|
    +------------------------+---------+-----+------+-------+-----+---------+
    |AveragedOut_V_Data_V_U  |       72|  234|  1151|  10240|  128|  1310720|
    |AveragedOut_V_User_V_U  |        3|  159|   491|  10240|    4|    40960|
    |VideoBuffer_V_Data_V_U  |       72|  234|  1151|  10240|  128|  1310720|
    |VideoBuffer_V_User_V_U  |        3|  159|   491|  10240|    4|    40960|
    +------------------------+---------+-----+------+-------+-----+---------+
    |Total                   |      150|  786|  3284|  40960|  264|  2703360|
    +------------------------+---------+-----+------+-------+-----+---------+

    * Expression: 
    +--------------+----------+-------+---+----+------------+------------+
    | Variable Name| Operation| DSP48E| FF| LUT| Bitwidth P0| Bitwidth P1|
    +--------------+----------+-------+---+----+------------+------------+
    |ap_idle       |    and   |      0|  0|   2|           1|           1|
    +--------------+----------+-------+---+----+------------+------------+
    |Total         |          |      0|  0|   2|           1|           1|
    +--------------+----------+-------+---+----+------------+------------+

    * Multiplexer: 
    N/A

    * Register: 
    N/A



================================================================
== Interface
================================================================
* Summary: 
+-----------------+-----+-----+------------+-------------------+--------------+
|    RTL Ports    | Dir | Bits|  Protocol  |   Source Object   |    C Type    |
+-----------------+-----+-----+------------+-------------------+--------------+
|VideoIn_TDATA    |  in |  128|    axis    |  VideoIn_V_Data_V |    pointer   |
|VideoIn_TUSER    |  in |    4|    axis    |  VideoIn_V_User_V |    pointer   |
|VideoIn_TVALID   |  in |    1|    axis    |  VideoIn_V_User_V |    pointer   |
|VideoIn_TREADY   | out |    1|    axis    |  VideoIn_V_User_V |    pointer   |
|VideoOut_TDATA   | out |  128|    axis    | VideoOut_V_Data_V |    pointer   |
|VideoOut_TUSER   | out |    4|    axis    | VideoOut_V_User_V |    pointer   |
|VideoOut_TVALID  | out |    1|    axis    | VideoOut_V_User_V |    pointer   |
|VideoOut_TREADY  |  in |    1|    axis    | VideoOut_V_User_V |    pointer   |
|ap_clk           |  in |    1| ap_ctrl_hs |     myproject     | return value |
|ap_rst           |  in |    1| ap_ctrl_hs |     myproject     | return value |
|ap_start         |  in |    1| ap_ctrl_hs |     myproject     | return value |
|ap_done          | out |    1| ap_ctrl_hs |     myproject     | return value |
|ap_ready         | out |    1| ap_ctrl_hs |     myproject     | return value |
|ap_idle          | out |    1| ap_ctrl_hs |     myproject     | return value |
|ap_continue      |  in |    1| ap_ctrl_hs |     myproject     | return value |
+-----------------+-----+-----+------------+-------------------+--------------+

